[10-05-21 11:44] [INFO] - Start with ms_apr with train
[10-05-21 11:44] [INFO] - Using dataset from dataset_debug/7Scenes/
[10-05-21 11:44] [INFO] - Using label file from dataset_debug/chess_debug_train.csv
[10-05-21 11:44] [INFO] - Running with configuration : 
	 batch_size: 1
	 equalize_scenes: False
	 num_scenes: 7
	 learnable: True
	 backbone_out_dim: 1280
	 backbone_next_out: 1024
	 s_x: 0.0
	 s_q: -3.0
	 lr: 0.0001
	 norm: 2
	 weight_decay: 0.0001
	 eps: 1e-10
	 lr_scheduler_gamma: 0.1
	 lr_scheduler_step_size: 10
	 n_epochs: 30
	 dropout: 0.1
	 n_freq_print: 5
	 n_freq_checkpoint: 10
	 n_workers: 4
	 device_id: cuda:0
[10-05-21 11:44] [INFO] - [Batch-1/Epoch-1] running camera pose loss: 8.674, camera pose error: 1.87[m], 43.95[deg]
[10-05-21 11:44] [INFO] - [Batch-6/Epoch-1] running camera pose loss: 7.806, camera pose error: 1.70[m], 29.95[deg]
[10-05-21 11:44] [INFO] - [Batch-11/Epoch-1] running camera pose loss: 6.651, camera pose error: 1.62[m], 25.59[deg]
[10-05-21 11:44] [INFO] - [Batch-16/Epoch-1] running camera pose loss: 5.542, camera pose error: 1.39[m], 12.11[deg]
[10-05-21 11:44] [INFO] - [Batch-21/Epoch-1] running camera pose loss: 4.704, camera pose error: 1.26[m], 8.32[deg]
[10-05-21 11:44] [INFO] - [Batch-1/Epoch-2] running camera pose loss: 2.274, camera pose error: 1.31[m], 12.53[deg]
[10-05-21 11:44] [INFO] - [Batch-6/Epoch-2] running camera pose loss: 1.446, camera pose error: 1.07[m], 9.68[deg]
[10-05-21 11:44] [INFO] - [Batch-11/Epoch-2] running camera pose loss: 1.251, camera pose error: 0.87[m], 11.52[deg]
[10-05-21 11:44] [INFO] - [Batch-16/Epoch-2] running camera pose loss: 1.159, camera pose error: 0.67[m], 7.19[deg]
[10-05-21 11:44] [INFO] - [Batch-21/Epoch-2] running camera pose loss: 0.765, camera pose error: 0.53[m], 0.97[deg]
[10-05-21 11:44] [INFO] - [Batch-1/Epoch-3] running camera pose loss: 0.321, camera pose error: 0.50[m], 10.34[deg]
[10-05-21 11:44] [INFO] - [Batch-6/Epoch-3] running camera pose loss: -0.723, camera pose error: 0.15[m], 5.08[deg]
[10-05-21 11:44] [INFO] - [Batch-11/Epoch-3] running camera pose loss: -0.866, camera pose error: 0.31[m], 3.75[deg]
[10-05-21 11:44] [INFO] - [Batch-16/Epoch-3] running camera pose loss: -0.745, camera pose error: 0.37[m], 8.55[deg]
[10-05-21 11:44] [INFO] - [Batch-21/Epoch-3] running camera pose loss: -0.795, camera pose error: 0.04[m], 7.09[deg]
[10-05-21 11:44] [INFO] - [Batch-1/Epoch-4] running camera pose loss: -0.437, camera pose error: 0.23[m], 10.31[deg]
[10-05-21 11:44] [INFO] - [Batch-6/Epoch-4] running camera pose loss: -1.121, camera pose error: 0.09[m], 4.33[deg]
[10-05-21 11:44] [INFO] - [Batch-11/Epoch-4] running camera pose loss: -1.299, camera pose error: 0.35[m], 5.70[deg]
[10-05-21 11:44] [INFO] - [Batch-16/Epoch-4] running camera pose loss: -1.446, camera pose error: 0.16[m], 8.42[deg]
[10-05-21 11:44] [INFO] - [Batch-21/Epoch-4] running camera pose loss: -1.460, camera pose error: 0.14[m], 3.20[deg]
[10-05-21 11:44] [INFO] - [Batch-1/Epoch-5] running camera pose loss: -1.534, camera pose error: 0.13[m], 6.10[deg]
[10-05-21 11:44] [INFO] - [Batch-6/Epoch-5] running camera pose loss: -1.487, camera pose error: 0.17[m], 8.64[deg]
[10-05-21 11:44] [INFO] - [Batch-11/Epoch-5] running camera pose loss: -1.453, camera pose error: 0.30[m], 8.95[deg]
[10-05-21 11:44] [INFO] - [Batch-16/Epoch-5] running camera pose loss: -1.466, camera pose error: 0.22[m], 10.27[deg]
[10-05-21 11:44] [INFO] - [Batch-21/Epoch-5] running camera pose loss: -1.522, camera pose error: 0.22[m], 7.69[deg]
[10-05-21 11:44] [INFO] - [Batch-1/Epoch-6] running camera pose loss: -2.161, camera pose error: 0.25[m], 2.62[deg]
[10-05-21 11:44] [INFO] - [Batch-6/Epoch-6] running camera pose loss: -1.689, camera pose error: 0.24[m], 6.92[deg]
[10-05-21 11:44] [INFO] - [Batch-11/Epoch-6] running camera pose loss: -1.680, camera pose error: 0.14[m], 4.20[deg]
[10-05-21 11:44] [INFO] - [Batch-16/Epoch-6] running camera pose loss: -1.608, camera pose error: 0.24[m], 2.94[deg]
[10-05-21 11:44] [INFO] - [Batch-21/Epoch-6] running camera pose loss: -1.668, camera pose error: 0.44[m], 3.33[deg]
[10-05-21 11:44] [INFO] - [Batch-1/Epoch-7] running camera pose loss: -0.935, camera pose error: 0.20[m], 10.12[deg]
[10-05-21 11:44] [INFO] - [Batch-6/Epoch-7] running camera pose loss: -1.621, camera pose error: 0.21[m], 4.32[deg]
[10-05-21 11:44] [INFO] - [Batch-11/Epoch-7] running camera pose loss: -1.709, camera pose error: 0.07[m], 3.08[deg]
[10-05-21 11:44] [INFO] - [Batch-16/Epoch-7] running camera pose loss: -1.738, camera pose error: 0.09[m], 6.81[deg]
[10-05-21 11:44] [INFO] - [Batch-21/Epoch-7] running camera pose loss: -1.755, camera pose error: 0.37[m], 3.08[deg]
[10-05-21 11:44] [INFO] - [Batch-1/Epoch-8] running camera pose loss: -1.964, camera pose error: 0.30[m], 3.88[deg]
[10-05-21 11:44] [INFO] - [Batch-6/Epoch-8] running camera pose loss: -1.536, camera pose error: 0.11[m], 6.21[deg]
[10-05-21 11:44] [INFO] - [Batch-11/Epoch-8] running camera pose loss: -1.825, camera pose error: 0.10[m], 1.28[deg]
[10-05-21 11:44] [INFO] - [Batch-16/Epoch-8] running camera pose loss: -1.885, camera pose error: 0.04[m], 3.04[deg]
[10-05-21 11:44] [INFO] - [Batch-21/Epoch-8] running camera pose loss: -1.908, camera pose error: 0.24[m], 5.44[deg]
[10-05-21 11:44] [INFO] - [Batch-1/Epoch-9] running camera pose loss: -1.726, camera pose error: 0.22[m], 5.59[deg]
[10-05-21 11:44] [INFO] - [Batch-6/Epoch-9] running camera pose loss: -1.722, camera pose error: 0.51[m], 6.73[deg]
[10-05-21 11:44] [INFO] - [Batch-11/Epoch-9] running camera pose loss: -1.719, camera pose error: 0.40[m], 7.94[deg]
[10-05-21 11:44] [INFO] - [Batch-16/Epoch-9] running camera pose loss: -1.739, camera pose error: 0.22[m], 4.57[deg]
[10-05-21 11:44] [INFO] - [Batch-21/Epoch-9] running camera pose loss: -1.656, camera pose error: 0.23[m], 6.04[deg]
[10-05-21 11:44] [INFO] - [Batch-1/Epoch-10] running camera pose loss: -1.622, camera pose error: 0.25[m], 6.28[deg]
[10-05-21 11:44] [INFO] - [Batch-6/Epoch-10] running camera pose loss: -1.771, camera pose error: 0.45[m], 5.25[deg]
[10-05-21 11:44] [INFO] - [Batch-11/Epoch-10] running camera pose loss: -1.829, camera pose error: 0.18[m], 2.97[deg]
[10-05-21 11:44] [INFO] - [Batch-16/Epoch-10] running camera pose loss: -1.814, camera pose error: 0.34[m], 3.31[deg]
[10-05-21 11:44] [INFO] - [Batch-21/Epoch-10] running camera pose loss: -1.865, camera pose error: 0.33[m], 4.94[deg]
[10-05-21 11:44] [INFO] - [Batch-1/Epoch-11] running camera pose loss: -1.940, camera pose error: 0.43[m], 3.52[deg]
[10-05-21 11:44] [INFO] - [Batch-6/Epoch-11] running camera pose loss: -1.848, camera pose error: 0.28[m], 4.46[deg]
[10-05-21 11:45] [INFO] - [Batch-11/Epoch-11] running camera pose loss: -1.900, camera pose error: 0.24[m], 3.91[deg]
[10-05-21 11:45] [INFO] - [Batch-16/Epoch-11] running camera pose loss: -1.797, camera pose error: 0.14[m], 7.54[deg]
[10-05-21 11:45] [INFO] - [Batch-21/Epoch-11] running camera pose loss: -1.898, camera pose error: 0.31[m], 2.91[deg]
[10-05-21 11:45] [INFO] - [Batch-1/Epoch-12] running camera pose loss: -2.186, camera pose error: 0.16[m], 3.60[deg]
[10-05-21 11:45] [INFO] - [Batch-6/Epoch-12] running camera pose loss: -2.049, camera pose error: 0.18[m], 5.16[deg]
[10-05-21 11:45] [INFO] - [Batch-11/Epoch-12] running camera pose loss: -2.113, camera pose error: 0.11[m], 4.88[deg]
[10-05-21 11:45] [INFO] - [Batch-16/Epoch-12] running camera pose loss: -2.072, camera pose error: 0.21[m], 2.45[deg]
[10-05-21 11:45] [INFO] - [Batch-21/Epoch-12] running camera pose loss: -2.107, camera pose error: 0.33[m], 3.88[deg]
[10-05-21 11:45] [INFO] - [Batch-1/Epoch-13] running camera pose loss: -1.843, camera pose error: 0.23[m], 5.03[deg]
[10-05-21 11:45] [INFO] - [Batch-6/Epoch-13] running camera pose loss: -2.151, camera pose error: 0.33[m], 3.80[deg]
[10-05-21 11:45] [INFO] - [Batch-11/Epoch-13] running camera pose loss: -2.186, camera pose error: 0.13[m], 3.67[deg]
[10-05-21 11:45] [INFO] - [Batch-16/Epoch-13] running camera pose loss: -2.183, camera pose error: 0.19[m], 2.42[deg]
