[06-05-21 15:29] [INFO] - Start with ms_apr with train
[06-05-21 15:29] [INFO] - Using dataset from dataset_debug/7Scenes/
[06-05-21 15:29] [INFO] - Using label file from dataset_debug/chess_debug_train.csv
[06-05-21 15:29] [INFO] - Running with configuration : 
	 batch_size: 1
	 equalize_scenes: False
	 num_scenes: 1
	 learnable: True
	 backbone_out_dim: 1280
	 backbone_next_out: 1024
	 s_x: 0.0
	 s_q: -3.0
	 lr: 0.0001
	 norm: 2
	 weight_decay: 0.0001
	 eps: 1e-10
	 lr_scheduler_gamma: 0.1
	 lr_scheduler_step_size: 10
	 n_epochs: 30
	 dropout: 0.1
	 n_freq_print: 5
	 n_freq_checkpoint: 10
	 n_workers: 4
	 device_id: cuda:0
