[28-04-21 01:48] [INFO] - Start with base_apr with train
[28-04-21 01:48] [INFO] - Using dataset from dataset/Cambridge/
[28-04-21 01:48] [INFO] - Using label file from GTPose/Cambridge_train_val/KingsCollege/kingscollege_train.csv
[28-04-21 01:48] [INFO] - Running with configuration : 
	 batch_size: 32
	 learnable: True
	 s_x: -3.0
	 s_q: -6.5
	 regressor_in_dim: 1024
	 backbone_out_dim: 1280
	 norm: 2
	 lr: 0.001
	 weight_decay: 0.0001
	 eps: 1e-10
	 lr_scheduler_step_size: 200
	 lr_scheduler_gamma: 0.5
	 n_epochs: 600
	 n_freq_print: 5
	 n_freq_checkpoint: 10
	 n_workers: 4
	 device_id: cuda:0
