[27-04-21 22:13] [INFO] - Start with ms-apr with train
[27-04-21 22:13] [INFO] - Using dataset from dataset/7Scenes/
[27-04-21 22:13] [INFO] - Using label file from GTPose/7Scenes_train_val/all_7scenes_train.csv
[27-04-21 22:13] [INFO] - Running with configuration : 
	 batch_size: 8
	 equalize_scenes: False
	 num_scenes: 7
	 learnable: True
	 backbone_out_dim: 2048
	 backbone_next_out: 1024
	 s_x: 0.0
	 s_q: -3.0
	 lr: 0.0001
	 norm: 2
	 weight_decay: 0.0001
	 eps: 1e-10
	 lr_scheduler_gamma: 0.1
	 lr_scheduler_step_size: 10
	 n_epochs: 30
	 num_t_encoder_layers: 6
	 num_t_decoder_layers: 6
	 num_rot_encoder_layers: 4
	 num_rot_decoder_layers: 4
	 dim_feedforward: 256
	 hidden_dim: 256
	 dropout: 0.1
	 nheads: 4
	 reduction: ['reduction_4', 'reduction_3']
	 freeze: False
	 freeze_exclude_phrase: regressor_head_rot
	 n_freq_print: 5
	 n_freq_checkpoint: 10
	 n_workers: 4
	 device_id: cuda:0
