[28-04-21 02:16] [INFO] - Start with base_apr with train
[28-04-21 02:16] [INFO] - Using dataset from dataset/Cambridge/
[28-04-21 02:16] [INFO] - Using label file from GTPose/Cambridge_train_val/ShopFacade/shopfacade_train.csv
[28-04-21 02:16] [INFO] - Running with configuration : 
	 batch_size: 32
	 learnable: True
	 s_x: -3.0
	 s_q: -6.5
	 regressor_in_dim: 1024
	 backbone_out_dim: 1280
	 norm: 2
	 lr: 0.001
	 weight_decay: 0.0001
	 eps: 1e-10
	 lr_scheduler_step_size: 200
	 lr_scheduler_gamma: 0.5
	 n_epochs: 600
	 n_freq_print: 5
	 n_freq_checkpoint: 10
	 n_workers: 4
	 device_id: cuda:0
[28-04-21 02:16] [INFO] - [Batch-1/Epoch-1] running camera pose loss: 35.461, camera pose error: 11.94[m], 136.15[deg]
[28-04-21 02:16] [INFO] - [Batch-6/Epoch-1] running camera pose loss: 17.805, camera pose error: 10.65[m], 37.73[deg]
[28-04-21 02:17] [INFO] - [Batch-1/Epoch-2] running camera pose loss: 10.217, camera pose error: 10.27[m], 22.96[deg]
[28-04-21 02:17] [INFO] - [Batch-6/Epoch-2] running camera pose loss: 9.881, camera pose error: 8.52[m], 19.99[deg]
[28-04-21 02:17] [INFO] - [Batch-1/Epoch-3] running camera pose loss: 7.527, camera pose error: 7.13[m], 19.14[deg]
[28-04-21 02:17] [INFO] - [Batch-6/Epoch-3] running camera pose loss: 6.268, camera pose error: 4.35[m], 15.93[deg]
[28-04-21 02:17] [INFO] - [Batch-1/Epoch-4] running camera pose loss: 5.552, camera pose error: 4.08[m], 17.70[deg]
[28-04-21 02:17] [INFO] - [Batch-6/Epoch-4] running camera pose loss: 5.243, camera pose error: 4.59[m], 14.69[deg]
[28-04-21 02:17] [INFO] - [Batch-1/Epoch-5] running camera pose loss: 5.707, camera pose error: 4.53[m], 17.09[deg]
[28-04-21 02:17] [INFO] - [Batch-6/Epoch-5] running camera pose loss: 4.878, camera pose error: 3.37[m], 12.46[deg]
[28-04-21 02:17] [INFO] - [Batch-1/Epoch-6] running camera pose loss: 3.740, camera pose error: 3.32[m], 11.43[deg]
[28-04-21 02:17] [INFO] - [Batch-6/Epoch-6] running camera pose loss: 5.412, camera pose error: 8.08[m], 20.07[deg]
[28-04-21 02:17] [INFO] - [Batch-1/Epoch-7] running camera pose loss: 4.374, camera pose error: 3.14[m], 15.74[deg]
[28-04-21 02:17] [INFO] - [Batch-6/Epoch-7] running camera pose loss: 4.225, camera pose error: 3.05[m], 8.86[deg]
[28-04-21 02:17] [INFO] - [Batch-1/Epoch-8] running camera pose loss: 2.840, camera pose error: 2.57[m], 9.07[deg]
[28-04-21 02:17] [INFO] - [Batch-6/Epoch-8] running camera pose loss: 3.857, camera pose error: 2.89[m], 12.59[deg]
[28-04-21 02:17] [INFO] - [Batch-1/Epoch-9] running camera pose loss: 3.036, camera pose error: 2.91[m], 9.10[deg]
[28-04-21 02:17] [INFO] - [Batch-6/Epoch-9] running camera pose loss: 3.535, camera pose error: 2.92[m], 10.70[deg]
