[10-05-21 15:30] [INFO] - Start with ms_apr with train
[10-05-21 15:30] [INFO] - Using dataset from dataset_debug/7Scenes/
[10-05-21 15:30] [INFO] - Using label file from dataset_debug/chess_debug_train.csv
[10-05-21 15:30] [INFO] - Running with configuration : 
	 batch_size: 8
	 equalize_scenes: False
	 num_scenes: 7
	 learnable: True
	 backbone_out_dim: 1280
	 backbone_next_out: 1024
	 s_x: 0.0
	 s_q: -3.0
	 lr: 0.0001
	 norm: 2
	 weight_decay: 0.0001
	 eps: 1e-10
	 lr_scheduler_gamma: 0.1
	 lr_scheduler_step_size: 10
	 n_epochs: 30
	 dropout: 0.1
	 n_freq_print: 5
	 n_freq_checkpoint: 10
	 n_workers: 4
	 device_id: cuda:0
[10-05-21 15:30] [INFO] - [Batch-1/Epoch-1] running camera pose loss: 2.448, camera pose error: 1.87[m], 109.94[deg]
[10-05-21 15:30] [INFO] - [Batch-1/Epoch-2] running camera pose loss: 0.933, camera pose error: 1.79[m], 38.09[deg]
[10-05-21 15:30] [INFO] - [Batch-1/Epoch-3] running camera pose loss: 0.764, camera pose error: 1.66[m], 32.48[deg]
[10-05-21 15:30] [INFO] - [Batch-1/Epoch-4] running camera pose loss: 0.630, camera pose error: 1.66[m], 26.34[deg]
